

*******************************************************************************
Fri Nov  6 22:43:27 2015


FIT:    data read from 'load_ef.dat'
        format = z
        #datapoints = 35
        residuals are weighted equally (unit weight)

function used for fitting: f(x)
fitted parameters initialized with current variable values



 Iteration 0
 WSSR        : 9.76835e+18       delta(WSSR)/WSSR   : 0
 delta(WSSR) : 0                 limit for stopping : 1e-05
 lambda	  : 5.28295e+08

initial set of free parameter values

a               = 1

After 4 iterations the fit converged.
final sum of squares of residuals : 1068.14
rel. change during last iteration : -4.69967e-06

degrees of freedom    (FIT_NDF)                        : 34
rms of residuals      (FIT_STDFIT) = sqrt(WSSR/ndf)    : 5.60497
variance of residuals (reduced chisquare) = WSSR/ndf   : 31.4157

Final set of parameters            Asymptotic Standard Error
=======================            ==========================

a               = 1.63049e-07      +/- 1.793e-09    (1.1%)


correlation matrix of the fit parameters:

               a      
a               1.000 


*******************************************************************************
Fri Nov  6 22:45:29 2015


FIT:    data read from 'load_ef.dat'
        format = z
        #datapoints = 35
        residuals are weighted equally (unit weight)

function used for fitting: g(x)
fitted parameters initialized with current variable values

BREAK:          Undefined value during function evaluation

